\BOOKMARK [1][-]{section.1}{\376\377\000W\000h\000a\000t\000\040\000T\000h\000i\000s\000\040\000W\000h\000o\000l\000e\000\040\000P\000r\000o\000j\000e\000c\000t\000\040\000I\000s\000,\000\040\000I\000n\000\040\000O\000n\000e\000\040\000P\000a\000g\000e}{}% 1
\BOOKMARK [1][-]{section.2}{\376\377\000T\000h\000e\000\040\0006\0000\000-\000S\000e\000c\000o\000n\000d\000\040\000P\000i\000t\000c\000h\000\040\000\050\000M\000e\000m\000o\000r\000i\000s\000e\000\040\000T\000h\000i\000s\000\051}{}% 2
\BOOKMARK [1][-]{section.3}{\376\377\000T\000h\000e\000\040\000W\000h\000o\000l\000e\000\040\000A\000l\000g\000o\000r\000i\000t\000h\000m\000,\000\040\000L\000i\000k\000e\000\040\000Y\000o\000u\000\040\000A\000r\000e\000\040\000F\000i\000v\000e}{}% 3
\BOOKMARK [2][-]{subsection.3.1}{\376\377\000S\000t\000e\000p\000\040\0001\000,\000`\000`\000W\000h\000e\000r\000e\000\040\000w\000a\000s\000\040\000t\000h\000e\000\040\000p\000h\000o\000n\000e\000?\000'\000'}{section.3}% 4
\BOOKMARK [2][-]{subsection.3.2}{\376\377\000S\000t\000e\000p\000\040\0002\000,\000`\000`\000W\000h\000e\000r\000e\000\040\000i\000s\000\040\000t\000h\000e\000\040\000b\000a\000l\000l\000\040\000i\000n\000\040\000e\000a\000c\000h\000\040\000f\000r\000a\000m\000e\000?\000'\000'}{section.3}% 5
\BOOKMARK [2][-]{subsection.3.3}{\376\377\000S\000t\000e\000p\000\040\0003\000,\000`\000`\000J\000o\000i\000n\000\040\000t\000h\000e\000\040\000d\000o\000t\000s\000\040\000i\000n\000t\000o\000\040\000o\000n\000e\000\040\000b\000a\000l\000l\000\040\000p\000a\000t\000h\000'\000'}{section.3}% 6
\BOOKMARK [2][-]{subsection.3.4}{\376\377\000S\000t\000e\000p\000\040\0004\000,\000`\000`\000L\000i\000f\000t\000\040\000t\000h\000e\000\040\000p\000a\000t\000h\000\040\000i\000n\000t\000o\000\040\0003\000D\000'\000'}{section.3}% 7
\BOOKMARK [2][-]{subsection.3.5}{\376\377\000S\000t\000e\000p\000\040\0005\000,\000`\000`\000A\000p\000p\000l\000y\000\040\000t\000h\000e\000\040\000t\000h\000r\000e\000e\000\040\000L\000B\000W\000\040\000r\000u\000l\000e\000s\000'\000'}{section.3}% 8
\BOOKMARK [1][-]{section.4}{\376\377\000H\000o\000w\000\040\000t\000h\000e\000\040\000A\000p\000p\000\040\000L\000o\000o\000k\000s\000\040\000F\000r\000o\000m\000\040\000t\000h\000e\000\040\000O\000u\000t\000s\000i\000d\000e\000\040\000\050\000U\000s\000e\000r\000\040\000J\000o\000u\000r\000n\000e\000y\000\051}{}% 9
\BOOKMARK [1][-]{section.5}{\376\377\000D\000e\000f\000e\000n\000s\000e\000\040\000Q\000\046\000A\000,\000W\000h\000y\000s\000,\000\040\000H\000o\000w\000s\000,\000\040\000a\000n\000d\000\040\000W\000h\000y\000-\000n\000o\000t\000s}{}% 10
\BOOKMARK [2][-]{subsection.5.1}{\376\377\000A\000.\000\040\000W\000h\000y\000\040\000d\000o\000e\000s\000\040\000t\000h\000i\000s\000\040\000p\000r\000o\000j\000e\000c\000t\000\040\000e\000x\000i\000s\000t\000?}{section.5}% 11
\BOOKMARK [2][-]{subsection.5.2}{\376\377\000B\000.\000\040\000W\000h\000y\000\040\000t\000h\000e\000s\000e\000\040\000t\000e\000c\000h\000n\000o\000l\000o\000g\000i\000e\000s\000?}{section.5}% 12
\BOOKMARK [2][-]{subsection.5.3}{\376\377\000C\000.\000\040\000S\000t\000e\000p\000\040\0001\000,\000C\000a\000m\000e\000r\000a\000\040\000P\000o\000s\000e\000,\000\040\000i\000n\000\040\000d\000e\000t\000a\000i\000l}{section.5}% 13
\BOOKMARK [2][-]{subsection.5.4}{\376\377\000D\000.\000\040\000S\000t\000e\000p\000\040\0002\000,\000B\000a\000l\000l\000\040\000D\000e\000t\000e\000c\000t\000i\000o\000n\000,\000\040\000i\000n\000\040\000d\000e\000t\000a\000i\000l}{section.5}% 14
\BOOKMARK [2][-]{subsection.5.5}{\376\377\000E\000.\000\040\000S\000t\000e\000p\000\040\0003\000,\000T\000r\000a\000j\000e\000c\000t\000o\000r\000y\000\040\000A\000s\000s\000o\000c\000i\000a\000t\000i\000o\000n\000,\000\040\000i\000n\000\040\000d\000e\000t\000a\000i\000l}{section.5}% 15
\BOOKMARK [2][-]{subsection.5.6}{\376\377\000F\000.\000\040\000S\000t\000e\000p\000\040\0004\000,\0003\000D\000\040\000R\000e\000c\000o\000n\000s\000t\000r\000u\000c\000t\000i\000o\000n\000,\000\040\000i\000n\000\040\000d\000e\000t\000a\000i\000l}{section.5}% 16
\BOOKMARK [2][-]{subsection.5.7}{\376\377\000G\000.\000\040\000S\000t\000e\000p\000\040\0005\000,\000L\000B\000W\000\040\000D\000e\000c\000i\000s\000i\000o\000n\000,\000\040\000i\000n\000\040\000d\000e\000t\000a\000i\000l}{section.5}% 17
\BOOKMARK [2][-]{subsection.5.8}{\376\377\000H\000.\000\040\000R\000e\000s\000u\000l\000t\000s\000\040\000a\000n\000d\000\040\000V\000a\000l\000i\000d\000a\000t\000i\000o\000n}{section.5}% 18
\BOOKMARK [2][-]{subsection.5.9}{\376\377\000I\000.\000\040\000H\000o\000n\000e\000s\000t\000\040\000l\000i\000m\000i\000t\000s\000,\000w\000h\000a\000t\000\040\000d\000o\000e\000s\000\040\000N\000O\000T\000\040\000w\000o\000r\000k}{section.5}% 19
\BOOKMARK [2][-]{subsection.5.10}{\376\377\000J\000.\000\040\000E\000n\000g\000i\000n\000e\000e\000r\000i\000n\000g\000\040\000p\000r\000a\000c\000t\000i\000c\000e}{section.5}% 20
\BOOKMARK [2][-]{subsection.5.11}{\376\377\000K\000.\000\040\000F\000u\000t\000u\000r\000e\000\040\000w\000o\000r\000k}{section.5}% 21
\BOOKMARK [1][-]{section.6}{\376\377\000T\000e\000c\000h\000n\000i\000c\000a\000l\000\040\000G\000l\000o\000s\000s\000a\000r\000y\000:\000\040\000E\000v\000e\000r\000y\000\040\000T\000e\000r\000m\000\040\000E\000x\000p\000l\000a\000i\000n\000e\000d}{}% 22
\BOOKMARK [2][-]{subsection.6.1}{\376\377\000C\000o\000m\000p\000u\000t\000e\000r\000\040\000V\000i\000s\000i\000o\000n\000\040\000F\000o\000u\000n\000d\000a\000t\000i\000o\000n\000s}{section.6}% 23
\BOOKMARK [2][-]{subsection.6.2}{\376\377\000T\000h\000e\000\040\000A\000l\000g\000o\000r\000i\000t\000h\000m\000s\000\040\000b\000y\000\040\000N\000a\000m\000e}{section.6}% 24
\BOOKMARK [2][-]{subsection.6.3}{\376\377\000D\000e\000t\000e\000c\000t\000i\000o\000n\000\040\000A\000l\000g\000o\000r\000i\000t\000h\000m\000s}{section.6}% 25
\BOOKMARK [2][-]{subsection.6.4}{\376\377\000C\000r\000i\000c\000k\000e\000t\000\040\000D\000o\000m\000a\000i\000n\000\040\000T\000e\000r\000m\000s}{section.6}% 26
\BOOKMARK [2][-]{subsection.6.5}{\376\377\000B\000a\000c\000k\000e\000n\000d\000\040\000/\000\040\000M\000o\000b\000i\000l\000e\000\040\000S\000t\000a\000c\000k}{section.6}% 27
\BOOKMARK [2][-]{subsection.6.6}{\376\377\000S\000o\000f\000t\000w\000a\000r\000e\000\040\000Q\000u\000a\000l\000i\000t\000y\000\040\000T\000e\000r\000m\000s}{section.6}% 28
\BOOKMARK [1][-]{section.7}{\376\377\000N\000u\000m\000b\000e\000r\000s\000\040\000a\000n\000d\000\040\000F\000a\000c\000t\000s\000\040\000C\000h\000e\000a\000t\000\040\000S\000h\000e\000e\000t}{}% 29
\BOOKMARK [1][-]{section.8}{\376\377\000T\000r\000i\000c\000k\000\040\000Q\000u\000e\000s\000t\000i\000o\000n\000s\000\040\000a\000n\000d\000\040\000H\000o\000w\000\040\000t\000o\000\040\000A\000n\000s\000w\000e\000r\000\040\000T\000h\000e\000m}{}% 30
\BOOKMARK [1][-]{section.9}{\376\377\000F\000i\000n\000a\000l\000\040\000C\000h\000e\000c\000k\000l\000i\000s\000t\000\040\000B\000e\000f\000o\000r\000e\000\040\000Y\000o\000u\000\040\000W\000a\000l\000k\000\040\000I\000n}{}% 31
